2020-05-18T08:43:06+00:00 CRITICAL Uncaught Error: Call to a member function is_on_sale() on boolean in /home/351291.cloudwaysapps.com/fmrngeyzgv/public_html/wp-content/plugins/better-amp/template/woocommerce/loop.php:22
Stack trace:
#0 /home/351291.cloudwaysapps.com/fmrngeyzgv/public_html/wp-content/plugins/better-amp/includes/functions/theme-functions.php(95): require()
#1 /home/351291.cloudwaysapps.com/fmrngeyzgv/public_html/wp-content/plugins/better-amp/includes/functions/theme-functions.php(57): better_amp_load_templates(Array, '/home/351291.cl...', true, false)
#2 /home/351291.cloudwaysapps.com/fmrngeyzgv/public_html/wp-content/plugins/better-amp/includes/functions/theme-functions.php(1794): better_amp_locate_template(Array, true, false)
#3 /home/351291.cloudwaysapps.com/fmrngeyzgv/public_html/wp-content/plugins/better-amp/template/woocommerce.php(12): better_amp_template_part('woocommerce/loo...')
#4 /home/351291.cloudwaysapps.com/fmrngeyzgv/public_html/wp-includes/template-loader.php(106): include('/home/351291.cl...')
#5 /home/351291. in /home/351291.cloudwaysapps.com/fmrngeyzgv/public_html/wp-content/plugins/better-amp/template/woocommerce/loop.php on line 22

2020-05-18T08:43:57+00:00 CRITICAL Uncaught Error: Call to a member function is_on_sale() on boolean in /home/351291.cloudwaysapps.com/fmrngeyzgv/public_html/wp-content/plugins/better-amp/template/woocommerce/loop.php:22
Stack trace:
#0 /home/351291.cloudwaysapps.com/fmrngeyzgv/public_html/wp-content/plugins/better-amp/includes/functions/theme-functions.php(95): require()
#1 /home/351291.cloudwaysapps.com/fmrngeyzgv/public_html/wp-content/plugins/better-amp/includes/functions/theme-functions.php(57): better_amp_load_templates(Array, '/home/351291.cl...', true, false)
#2 /home/351291.cloudwaysapps.com/fmrngeyzgv/public_html/wp-content/plugins/better-amp/includes/functions/theme-functions.php(1794): better_amp_locate_template(Array, true, false)
#3 /home/351291.cloudwaysapps.com/fmrngeyzgv/public_html/wp-content/plugins/better-amp/template/woocommerce.php(12): better_amp_template_part('woocommerce/loo...')
#4 /home/351291.cloudwaysapps.com/fmrngeyzgv/public_html/wp-includes/template-loader.php(106): include('/home/351291.cl...')
#5 /home/351291. in /home/351291.cloudwaysapps.com/fmrngeyzgv/public_html/wp-content/plugins/better-amp/template/woocommerce/loop.php on line 22

2020-05-18T08:45:05+00:00 CRITICAL Uncaught Error: Call to a member function is_on_sale() on boolean in /home/351291.cloudwaysapps.com/fmrngeyzgv/public_html/wp-content/plugins/better-amp/template/woocommerce/loop.php:22
Stack trace:
#0 /home/351291.cloudwaysapps.com/fmrngeyzgv/public_html/wp-content/plugins/better-amp/includes/functions/theme-functions.php(95): require()
#1 /home/351291.cloudwaysapps.com/fmrngeyzgv/public_html/wp-content/plugins/better-amp/includes/functions/theme-functions.php(57): better_amp_load_templates(Array, '/home/351291.cl...', true, false)
#2 /home/351291.cloudwaysapps.com/fmrngeyzgv/public_html/wp-content/plugins/better-amp/includes/functions/theme-functions.php(1794): better_amp_locate_template(Array, true, false)
#3 /home/351291.cloudwaysapps.com/fmrngeyzgv/public_html/wp-content/plugins/better-amp/template/woocommerce.php(12): better_amp_template_part('woocommerce/loo...')
#4 /home/351291.cloudwaysapps.com/fmrngeyzgv/public_html/wp-includes/template-loader.php(106): include('/home/351291.cl...')
#5 /home/351291. in /home/351291.cloudwaysapps.com/fmrngeyzgv/public_html/wp-content/plugins/better-amp/template/woocommerce/loop.php on line 22

2020-05-18T08:48:02+00:00 CRITICAL Uncaught Error: Call to a member function is_on_sale() on boolean in /home/351291.cloudwaysapps.com/fmrngeyzgv/public_html/wp-content/plugins/better-amp/template/woocommerce/loop.php:22
Stack trace:
#0 /home/351291.cloudwaysapps.com/fmrngeyzgv/public_html/wp-content/plugins/better-amp/includes/functions/theme-functions.php(95): require()
#1 /home/351291.cloudwaysapps.com/fmrngeyzgv/public_html/wp-content/plugins/better-amp/includes/functions/theme-functions.php(57): better_amp_load_templates(Array, '/home/351291.cl...', true, false)
#2 /home/351291.cloudwaysapps.com/fmrngeyzgv/public_html/wp-content/plugins/better-amp/includes/functions/theme-functions.php(1794): better_amp_locate_template(Array, true, false)
#3 /home/351291.cloudwaysapps.com/fmrngeyzgv/public_html/wp-content/plugins/better-amp/template/woocommerce.php(12): better_amp_template_part('woocommerce/loo...')
#4 /home/351291.cloudwaysapps.com/fmrngeyzgv/public_html/wp-includes/template-loader.php(106): include('/home/351291.cl...')
#5 /home/351291. in /home/351291.cloudwaysapps.com/fmrngeyzgv/public_html/wp-content/plugins/better-amp/template/woocommerce/loop.php on line 22

2020-05-18T08:48:57+00:00 CRITICAL Uncaught Error: Call to a member function is_on_sale() on boolean in /home/351291.cloudwaysapps.com/fmrngeyzgv/public_html/wp-content/plugins/better-amp/template/woocommerce/loop.php:22
Stack trace:
#0 /home/351291.cloudwaysapps.com/fmrngeyzgv/public_html/wp-content/plugins/better-amp/includes/functions/theme-functions.php(95): require()
#1 /home/351291.cloudwaysapps.com/fmrngeyzgv/public_html/wp-content/plugins/better-amp/includes/functions/theme-functions.php(57): better_amp_load_templates(Array, '/home/351291.cl...', true, false)
#2 /home/351291.cloudwaysapps.com/fmrngeyzgv/public_html/wp-content/plugins/better-amp/includes/functions/theme-functions.php(1794): better_amp_locate_template(Array, true, false)
#3 /home/351291.cloudwaysapps.com/fmrngeyzgv/public_html/wp-content/plugins/better-amp/template/woocommerce.php(12): better_amp_template_part('woocommerce/loo...')
#4 /home/351291.cloudwaysapps.com/fmrngeyzgv/public_html/wp-includes/template-loader.php(106): include('/home/351291.cl...')
#5 /home/351291. in /home/351291.cloudwaysapps.com/fmrngeyzgv/public_html/wp-content/plugins/better-amp/template/woocommerce/loop.php on line 22

2020-05-18T08:49:49+00:00 CRITICAL Uncaught Error: Call to a member function is_on_sale() on boolean in /home/351291.cloudwaysapps.com/fmrngeyzgv/public_html/wp-content/plugins/better-amp/template/woocommerce/loop.php:22
Stack trace:
#0 /home/351291.cloudwaysapps.com/fmrngeyzgv/public_html/wp-content/plugins/better-amp/includes/functions/theme-functions.php(95): require()
#1 /home/351291.cloudwaysapps.com/fmrngeyzgv/public_html/wp-content/plugins/better-amp/includes/functions/theme-functions.php(57): better_amp_load_templates(Array, '/home/351291.cl...', true, false)
#2 /home/351291.cloudwaysapps.com/fmrngeyzgv/public_html/wp-content/plugins/better-amp/includes/functions/theme-functions.php(1794): better_amp_locate_template(Array, true, false)
#3 /home/351291.cloudwaysapps.com/fmrngeyzgv/public_html/wp-content/plugins/better-amp/template/woocommerce.php(12): better_amp_template_part('woocommerce/loo...')
#4 /home/351291.cloudwaysapps.com/fmrngeyzgv/public_html/wp-includes/template-loader.php(106): include('/home/351291.cl...')
#5 /home/351291. in /home/351291.cloudwaysapps.com/fmrngeyzgv/public_html/wp-content/plugins/better-amp/template/woocommerce/loop.php on line 22

2020-05-18T08:50:51+00:00 CRITICAL Uncaught Error: Call to a member function is_on_sale() on boolean in /home/351291.cloudwaysapps.com/fmrngeyzgv/public_html/wp-content/plugins/better-amp/template/woocommerce/loop.php:22
Stack trace:
#0 /home/351291.cloudwaysapps.com/fmrngeyzgv/public_html/wp-content/plugins/better-amp/includes/functions/theme-functions.php(95): require()
#1 /home/351291.cloudwaysapps.com/fmrngeyzgv/public_html/wp-content/plugins/better-amp/includes/functions/theme-functions.php(57): better_amp_load_templates(Array, '/home/351291.cl...', true, false)
#2 /home/351291.cloudwaysapps.com/fmrngeyzgv/public_html/wp-content/plugins/better-amp/includes/functions/theme-functions.php(1794): better_amp_locate_template(Array, true, false)
#3 /home/351291.cloudwaysapps.com/fmrngeyzgv/public_html/wp-content/plugins/better-amp/template/woocommerce.php(12): better_amp_template_part('woocommerce/loo...')
#4 /home/351291.cloudwaysapps.com/fmrngeyzgv/public_html/wp-includes/template-loader.php(106): include('/home/351291.cl...')
#5 /home/351291. in /home/351291.cloudwaysapps.com/fmrngeyzgv/public_html/wp-content/plugins/better-amp/template/woocommerce/loop.php on line 22

2020-05-18T22:47:19+00:00 CRITICAL Uncaught Error: Call to a member function is_on_sale() on boolean in /home/351291.cloudwaysapps.com/fmrngeyzgv/public_html/wp-content/plugins/better-amp/template/woocommerce/loop.php:22
Stack trace:
#0 /home/351291.cloudwaysapps.com/fmrngeyzgv/public_html/wp-content/plugins/better-amp/includes/functions/theme-functions.php(95): require()
#1 /home/351291.cloudwaysapps.com/fmrngeyzgv/public_html/wp-content/plugins/better-amp/includes/functions/theme-functions.php(57): better_amp_load_templates(Array, '/home/351291.cl...', true, false)
#2 /home/351291.cloudwaysapps.com/fmrngeyzgv/public_html/wp-content/plugins/better-amp/includes/functions/theme-functions.php(1794): better_amp_locate_template(Array, true, false)
#3 /home/351291.cloudwaysapps.com/fmrngeyzgv/public_html/wp-content/plugins/better-amp/template/woocommerce.php(12): better_amp_template_part('woocommerce/loo...')
#4 /home/351291.cloudwaysapps.com/fmrngeyzgv/public_html/wp-includes/template-loader.php(106): include('/home/351291.cl...')
#5 /home/351291. in /home/351291.cloudwaysapps.com/fmrngeyzgv/public_html/wp-content/plugins/better-amp/template/woocommerce/loop.php on line 22

