2020-05-21T08:46:53+00:00 CRITICAL Uncaught Error: Call to a member function is_on_sale() on boolean in /home/351291.cloudwaysapps.com/fmrngeyzgv/public_html/wp-content/plugins/better-amp/template/woocommerce/loop.php:22
Stack trace:
#0 /home/351291.cloudwaysapps.com/fmrngeyzgv/public_html/wp-content/plugins/better-amp/includes/functions/theme-functions.php(95): require()
#1 /home/351291.cloudwaysapps.com/fmrngeyzgv/public_html/wp-content/plugins/better-amp/includes/functions/theme-functions.php(57): better_amp_load_templates(Array, '/home/351291.cl...', true, false)
#2 /home/351291.cloudwaysapps.com/fmrngeyzgv/public_html/wp-content/plugins/better-amp/includes/functions/theme-functions.php(1794): better_amp_locate_template(Array, true, false)
#3 /home/351291.cloudwaysapps.com/fmrngeyzgv/public_html/wp-content/plugins/better-amp/template/woocommerce.php(12): better_amp_template_part('woocommerce/loo...')
#4 /home/351291.cloudwaysapps.com/fmrngeyzgv/public_html/wp-includes/template-loader.php(106): include('/home/351291.cl...')
#5 /home/351291. in /home/351291.cloudwaysapps.com/fmrngeyzgv/public_html/wp-content/plugins/better-amp/template/woocommerce/loop.php on line 22

2020-05-21T08:47:35+00:00 CRITICAL Uncaught Error: Call to a member function is_on_sale() on boolean in /home/351291.cloudwaysapps.com/fmrngeyzgv/public_html/wp-content/plugins/better-amp/template/woocommerce/loop.php:22
Stack trace:
#0 /home/351291.cloudwaysapps.com/fmrngeyzgv/public_html/wp-content/plugins/better-amp/includes/functions/theme-functions.php(95): require()
#1 /home/351291.cloudwaysapps.com/fmrngeyzgv/public_html/wp-content/plugins/better-amp/includes/functions/theme-functions.php(57): better_amp_load_templates(Array, '/home/351291.cl...', true, false)
#2 /home/351291.cloudwaysapps.com/fmrngeyzgv/public_html/wp-content/plugins/better-amp/includes/functions/theme-functions.php(1794): better_amp_locate_template(Array, true, false)
#3 /home/351291.cloudwaysapps.com/fmrngeyzgv/public_html/wp-content/plugins/better-amp/template/woocommerce.php(12): better_amp_template_part('woocommerce/loo...')
#4 /home/351291.cloudwaysapps.com/fmrngeyzgv/public_html/wp-includes/template-loader.php(106): include('/home/351291.cl...')
#5 /home/351291. in /home/351291.cloudwaysapps.com/fmrngeyzgv/public_html/wp-content/plugins/better-amp/template/woocommerce/loop.php on line 22

2020-05-21T08:48:17+00:00 CRITICAL Uncaught Error: Call to a member function is_on_sale() on boolean in /home/351291.cloudwaysapps.com/fmrngeyzgv/public_html/wp-content/plugins/better-amp/template/woocommerce/loop.php:22
Stack trace:
#0 /home/351291.cloudwaysapps.com/fmrngeyzgv/public_html/wp-content/plugins/better-amp/includes/functions/theme-functions.php(95): require()
#1 /home/351291.cloudwaysapps.com/fmrngeyzgv/public_html/wp-content/plugins/better-amp/includes/functions/theme-functions.php(57): better_amp_load_templates(Array, '/home/351291.cl...', true, false)
#2 /home/351291.cloudwaysapps.com/fmrngeyzgv/public_html/wp-content/plugins/better-amp/includes/functions/theme-functions.php(1794): better_amp_locate_template(Array, true, false)
#3 /home/351291.cloudwaysapps.com/fmrngeyzgv/public_html/wp-content/plugins/better-amp/template/woocommerce.php(12): better_amp_template_part('woocommerce/loo...')
#4 /home/351291.cloudwaysapps.com/fmrngeyzgv/public_html/wp-includes/template-loader.php(106): include('/home/351291.cl...')
#5 /home/351291. in /home/351291.cloudwaysapps.com/fmrngeyzgv/public_html/wp-content/plugins/better-amp/template/woocommerce/loop.php on line 22

2020-05-21T08:48:59+00:00 CRITICAL Uncaught Error: Call to a member function is_on_sale() on boolean in /home/351291.cloudwaysapps.com/fmrngeyzgv/public_html/wp-content/plugins/better-amp/template/woocommerce/loop.php:22
Stack trace:
#0 /home/351291.cloudwaysapps.com/fmrngeyzgv/public_html/wp-content/plugins/better-amp/includes/functions/theme-functions.php(95): require()
#1 /home/351291.cloudwaysapps.com/fmrngeyzgv/public_html/wp-content/plugins/better-amp/includes/functions/theme-functions.php(57): better_amp_load_templates(Array, '/home/351291.cl...', true, false)
#2 /home/351291.cloudwaysapps.com/fmrngeyzgv/public_html/wp-content/plugins/better-amp/includes/functions/theme-functions.php(1794): better_amp_locate_template(Array, true, false)
#3 /home/351291.cloudwaysapps.com/fmrngeyzgv/public_html/wp-content/plugins/better-amp/template/woocommerce.php(12): better_amp_template_part('woocommerce/loo...')
#4 /home/351291.cloudwaysapps.com/fmrngeyzgv/public_html/wp-includes/template-loader.php(106): include('/home/351291.cl...')
#5 /home/351291. in /home/351291.cloudwaysapps.com/fmrngeyzgv/public_html/wp-content/plugins/better-amp/template/woocommerce/loop.php on line 22

2020-05-21T08:49:49+00:00 CRITICAL Uncaught Error: Call to a member function is_on_sale() on boolean in /home/351291.cloudwaysapps.com/fmrngeyzgv/public_html/wp-content/plugins/better-amp/template/woocommerce/loop.php:22
Stack trace:
#0 /home/351291.cloudwaysapps.com/fmrngeyzgv/public_html/wp-content/plugins/better-amp/includes/functions/theme-functions.php(95): require()
#1 /home/351291.cloudwaysapps.com/fmrngeyzgv/public_html/wp-content/plugins/better-amp/includes/functions/theme-functions.php(57): better_amp_load_templates(Array, '/home/351291.cl...', true, false)
#2 /home/351291.cloudwaysapps.com/fmrngeyzgv/public_html/wp-content/plugins/better-amp/includes/functions/theme-functions.php(1794): better_amp_locate_template(Array, true, false)
#3 /home/351291.cloudwaysapps.com/fmrngeyzgv/public_html/wp-content/plugins/better-amp/template/woocommerce.php(12): better_amp_template_part('woocommerce/loo...')
#4 /home/351291.cloudwaysapps.com/fmrngeyzgv/public_html/wp-includes/template-loader.php(106): include('/home/351291.cl...')
#5 /home/351291. in /home/351291.cloudwaysapps.com/fmrngeyzgv/public_html/wp-content/plugins/better-amp/template/woocommerce/loop.php on line 22

2020-05-21T08:50:23+00:00 CRITICAL Uncaught Error: Call to a member function is_on_sale() on boolean in /home/351291.cloudwaysapps.com/fmrngeyzgv/public_html/wp-content/plugins/better-amp/template/woocommerce/loop.php:22
Stack trace:
#0 /home/351291.cloudwaysapps.com/fmrngeyzgv/public_html/wp-content/plugins/better-amp/includes/functions/theme-functions.php(95): require()
#1 /home/351291.cloudwaysapps.com/fmrngeyzgv/public_html/wp-content/plugins/better-amp/includes/functions/theme-functions.php(57): better_amp_load_templates(Array, '/home/351291.cl...', true, false)
#2 /home/351291.cloudwaysapps.com/fmrngeyzgv/public_html/wp-content/plugins/better-amp/includes/functions/theme-functions.php(1794): better_amp_locate_template(Array, true, false)
#3 /home/351291.cloudwaysapps.com/fmrngeyzgv/public_html/wp-content/plugins/better-amp/template/woocommerce.php(12): better_amp_template_part('woocommerce/loo...')
#4 /home/351291.cloudwaysapps.com/fmrngeyzgv/public_html/wp-includes/template-loader.php(106): include('/home/351291.cl...')
#5 /home/351291. in /home/351291.cloudwaysapps.com/fmrngeyzgv/public_html/wp-content/plugins/better-amp/template/woocommerce/loop.php on line 22

2020-05-21T08:51:07+00:00 CRITICAL Uncaught Error: Call to a member function is_on_sale() on boolean in /home/351291.cloudwaysapps.com/fmrngeyzgv/public_html/wp-content/plugins/better-amp/template/woocommerce/loop.php:22
Stack trace:
#0 /home/351291.cloudwaysapps.com/fmrngeyzgv/public_html/wp-content/plugins/better-amp/includes/functions/theme-functions.php(95): require()
#1 /home/351291.cloudwaysapps.com/fmrngeyzgv/public_html/wp-content/plugins/better-amp/includes/functions/theme-functions.php(57): better_amp_load_templates(Array, '/home/351291.cl...', true, false)
#2 /home/351291.cloudwaysapps.com/fmrngeyzgv/public_html/wp-content/plugins/better-amp/includes/functions/theme-functions.php(1794): better_amp_locate_template(Array, true, false)
#3 /home/351291.cloudwaysapps.com/fmrngeyzgv/public_html/wp-content/plugins/better-amp/template/woocommerce.php(12): better_amp_template_part('woocommerce/loo...')
#4 /home/351291.cloudwaysapps.com/fmrngeyzgv/public_html/wp-includes/template-loader.php(106): include('/home/351291.cl...')
#5 /home/351291. in /home/351291.cloudwaysapps.com/fmrngeyzgv/public_html/wp-content/plugins/better-amp/template/woocommerce/loop.php on line 22

2020-05-21T08:52:00+00:00 CRITICAL Uncaught Error: Call to a member function is_on_sale() on boolean in /home/351291.cloudwaysapps.com/fmrngeyzgv/public_html/wp-content/plugins/better-amp/template/woocommerce/loop.php:22
Stack trace:
#0 /home/351291.cloudwaysapps.com/fmrngeyzgv/public_html/wp-content/plugins/better-amp/includes/functions/theme-functions.php(95): require()
#1 /home/351291.cloudwaysapps.com/fmrngeyzgv/public_html/wp-content/plugins/better-amp/includes/functions/theme-functions.php(57): better_amp_load_templates(Array, '/home/351291.cl...', true, false)
#2 /home/351291.cloudwaysapps.com/fmrngeyzgv/public_html/wp-content/plugins/better-amp/includes/functions/theme-functions.php(1794): better_amp_locate_template(Array, true, false)
#3 /home/351291.cloudwaysapps.com/fmrngeyzgv/public_html/wp-content/plugins/better-amp/template/woocommerce.php(12): better_amp_template_part('woocommerce/loo...')
#4 /home/351291.cloudwaysapps.com/fmrngeyzgv/public_html/wp-includes/template-loader.php(106): include('/home/351291.cl...')
#5 /home/351291. in /home/351291.cloudwaysapps.com/fmrngeyzgv/public_html/wp-content/plugins/better-amp/template/woocommerce/loop.php on line 22

2020-05-21T21:20:38+00:00 CRITICAL Uncaught Error: Call to a member function is_on_sale() on boolean in /home/351291.cloudwaysapps.com/fmrngeyzgv/public_html/wp-content/plugins/better-amp/template/woocommerce/loop.php:22
Stack trace:
#0 /home/351291.cloudwaysapps.com/fmrngeyzgv/public_html/wp-content/plugins/better-amp/includes/functions/theme-functions.php(95): require()
#1 /home/351291.cloudwaysapps.com/fmrngeyzgv/public_html/wp-content/plugins/better-amp/includes/functions/theme-functions.php(57): better_amp_load_templates(Array, '/home/351291.cl...', true, false)
#2 /home/351291.cloudwaysapps.com/fmrngeyzgv/public_html/wp-content/plugins/better-amp/includes/functions/theme-functions.php(1794): better_amp_locate_template(Array, true, false)
#3 /home/351291.cloudwaysapps.com/fmrngeyzgv/public_html/wp-content/plugins/better-amp/template/woocommerce.php(12): better_amp_template_part('woocommerce/loo...')
#4 /home/351291.cloudwaysapps.com/fmrngeyzgv/public_html/wp-includes/template-loader.php(106): include('/home/351291.cl...')
#5 /home/351291. in /home/351291.cloudwaysapps.com/fmrngeyzgv/public_html/wp-content/plugins/better-amp/template/woocommerce/loop.php on line 22

2020-05-21T21:21:40+00:00 CRITICAL Uncaught Error: Call to a member function is_on_sale() on boolean in /home/351291.cloudwaysapps.com/fmrngeyzgv/public_html/wp-content/plugins/better-amp/template/woocommerce/loop.php:22
Stack trace:
#0 /home/351291.cloudwaysapps.com/fmrngeyzgv/public_html/wp-content/plugins/better-amp/includes/functions/theme-functions.php(95): require()
#1 /home/351291.cloudwaysapps.com/fmrngeyzgv/public_html/wp-content/plugins/better-amp/includes/functions/theme-functions.php(57): better_amp_load_templates(Array, '/home/351291.cl...', true, false)
#2 /home/351291.cloudwaysapps.com/fmrngeyzgv/public_html/wp-content/plugins/better-amp/includes/functions/theme-functions.php(1794): better_amp_locate_template(Array, true, false)
#3 /home/351291.cloudwaysapps.com/fmrngeyzgv/public_html/wp-content/plugins/better-amp/template/woocommerce.php(12): better_amp_template_part('woocommerce/loo...')
#4 /home/351291.cloudwaysapps.com/fmrngeyzgv/public_html/wp-includes/template-loader.php(106): include('/home/351291.cl...')
#5 /home/351291. in /home/351291.cloudwaysapps.com/fmrngeyzgv/public_html/wp-content/plugins/better-amp/template/woocommerce/loop.php on line 22

2020-05-21T21:22:42+00:00 CRITICAL Uncaught Error: Call to a member function is_on_sale() on boolean in /home/351291.cloudwaysapps.com/fmrngeyzgv/public_html/wp-content/plugins/better-amp/template/woocommerce/loop.php:22
Stack trace:
#0 /home/351291.cloudwaysapps.com/fmrngeyzgv/public_html/wp-content/plugins/better-amp/includes/functions/theme-functions.php(95): require()
#1 /home/351291.cloudwaysapps.com/fmrngeyzgv/public_html/wp-content/plugins/better-amp/includes/functions/theme-functions.php(57): better_amp_load_templates(Array, '/home/351291.cl...', true, false)
#2 /home/351291.cloudwaysapps.com/fmrngeyzgv/public_html/wp-content/plugins/better-amp/includes/functions/theme-functions.php(1794): better_amp_locate_template(Array, true, false)
#3 /home/351291.cloudwaysapps.com/fmrngeyzgv/public_html/wp-content/plugins/better-amp/template/woocommerce.php(12): better_amp_template_part('woocommerce/loo...')
#4 /home/351291.cloudwaysapps.com/fmrngeyzgv/public_html/wp-includes/template-loader.php(106): include('/home/351291.cl...')
#5 /home/351291. in /home/351291.cloudwaysapps.com/fmrngeyzgv/public_html/wp-content/plugins/better-amp/template/woocommerce/loop.php on line 22

2020-05-21T21:23:44+00:00 CRITICAL Uncaught Error: Call to a member function is_on_sale() on boolean in /home/351291.cloudwaysapps.com/fmrngeyzgv/public_html/wp-content/plugins/better-amp/template/woocommerce/loop.php:22
Stack trace:
#0 /home/351291.cloudwaysapps.com/fmrngeyzgv/public_html/wp-content/plugins/better-amp/includes/functions/theme-functions.php(95): require()
#1 /home/351291.cloudwaysapps.com/fmrngeyzgv/public_html/wp-content/plugins/better-amp/includes/functions/theme-functions.php(57): better_amp_load_templates(Array, '/home/351291.cl...', true, false)
#2 /home/351291.cloudwaysapps.com/fmrngeyzgv/public_html/wp-content/plugins/better-amp/includes/functions/theme-functions.php(1794): better_amp_locate_template(Array, true, false)
#3 /home/351291.cloudwaysapps.com/fmrngeyzgv/public_html/wp-content/plugins/better-amp/template/woocommerce.php(12): better_amp_template_part('woocommerce/loo...')
#4 /home/351291.cloudwaysapps.com/fmrngeyzgv/public_html/wp-includes/template-loader.php(106): include('/home/351291.cl...')
#5 /home/351291. in /home/351291.cloudwaysapps.com/fmrngeyzgv/public_html/wp-content/plugins/better-amp/template/woocommerce/loop.php on line 22

2020-05-21T21:24:46+00:00 CRITICAL Uncaught Error: Call to a member function is_on_sale() on boolean in /home/351291.cloudwaysapps.com/fmrngeyzgv/public_html/wp-content/plugins/better-amp/template/woocommerce/loop.php:22
Stack trace:
#0 /home/351291.cloudwaysapps.com/fmrngeyzgv/public_html/wp-content/plugins/better-amp/includes/functions/theme-functions.php(95): require()
#1 /home/351291.cloudwaysapps.com/fmrngeyzgv/public_html/wp-content/plugins/better-amp/includes/functions/theme-functions.php(57): better_amp_load_templates(Array, '/home/351291.cl...', true, false)
#2 /home/351291.cloudwaysapps.com/fmrngeyzgv/public_html/wp-content/plugins/better-amp/includes/functions/theme-functions.php(1794): better_amp_locate_template(Array, true, false)
#3 /home/351291.cloudwaysapps.com/fmrngeyzgv/public_html/wp-content/plugins/better-amp/template/woocommerce.php(12): better_amp_template_part('woocommerce/loo...')
#4 /home/351291.cloudwaysapps.com/fmrngeyzgv/public_html/wp-includes/template-loader.php(106): include('/home/351291.cl...')
#5 /home/351291. in /home/351291.cloudwaysapps.com/fmrngeyzgv/public_html/wp-content/plugins/better-amp/template/woocommerce/loop.php on line 22

2020-05-21T21:25:48+00:00 CRITICAL Uncaught Error: Call to a member function is_on_sale() on boolean in /home/351291.cloudwaysapps.com/fmrngeyzgv/public_html/wp-content/plugins/better-amp/template/woocommerce/loop.php:22
Stack trace:
#0 /home/351291.cloudwaysapps.com/fmrngeyzgv/public_html/wp-content/plugins/better-amp/includes/functions/theme-functions.php(95): require()
#1 /home/351291.cloudwaysapps.com/fmrngeyzgv/public_html/wp-content/plugins/better-amp/includes/functions/theme-functions.php(57): better_amp_load_templates(Array, '/home/351291.cl...', true, false)
#2 /home/351291.cloudwaysapps.com/fmrngeyzgv/public_html/wp-content/plugins/better-amp/includes/functions/theme-functions.php(1794): better_amp_locate_template(Array, true, false)
#3 /home/351291.cloudwaysapps.com/fmrngeyzgv/public_html/wp-content/plugins/better-amp/template/woocommerce.php(12): better_amp_template_part('woocommerce/loo...')
#4 /home/351291.cloudwaysapps.com/fmrngeyzgv/public_html/wp-includes/template-loader.php(106): include('/home/351291.cl...')
#5 /home/351291. in /home/351291.cloudwaysapps.com/fmrngeyzgv/public_html/wp-content/plugins/better-amp/template/woocommerce/loop.php on line 22

2020-05-21T21:26:50+00:00 CRITICAL Uncaught Error: Call to a member function is_on_sale() on boolean in /home/351291.cloudwaysapps.com/fmrngeyzgv/public_html/wp-content/plugins/better-amp/template/woocommerce/loop.php:22
Stack trace:
#0 /home/351291.cloudwaysapps.com/fmrngeyzgv/public_html/wp-content/plugins/better-amp/includes/functions/theme-functions.php(95): require()
#1 /home/351291.cloudwaysapps.com/fmrngeyzgv/public_html/wp-content/plugins/better-amp/includes/functions/theme-functions.php(57): better_amp_load_templates(Array, '/home/351291.cl...', true, false)
#2 /home/351291.cloudwaysapps.com/fmrngeyzgv/public_html/wp-content/plugins/better-amp/includes/functions/theme-functions.php(1794): better_amp_locate_template(Array, true, false)
#3 /home/351291.cloudwaysapps.com/fmrngeyzgv/public_html/wp-content/plugins/better-amp/template/woocommerce.php(12): better_amp_template_part('woocommerce/loo...')
#4 /home/351291.cloudwaysapps.com/fmrngeyzgv/public_html/wp-includes/template-loader.php(106): include('/home/351291.cl...')
#5 /home/351291. in /home/351291.cloudwaysapps.com/fmrngeyzgv/public_html/wp-content/plugins/better-amp/template/woocommerce/loop.php on line 22

2020-05-21T21:27:52+00:00 CRITICAL Uncaught Error: Call to a member function is_on_sale() on boolean in /home/351291.cloudwaysapps.com/fmrngeyzgv/public_html/wp-content/plugins/better-amp/template/woocommerce/loop.php:22
Stack trace:
#0 /home/351291.cloudwaysapps.com/fmrngeyzgv/public_html/wp-content/plugins/better-amp/includes/functions/theme-functions.php(95): require()
#1 /home/351291.cloudwaysapps.com/fmrngeyzgv/public_html/wp-content/plugins/better-amp/includes/functions/theme-functions.php(57): better_amp_load_templates(Array, '/home/351291.cl...', true, false)
#2 /home/351291.cloudwaysapps.com/fmrngeyzgv/public_html/wp-content/plugins/better-amp/includes/functions/theme-functions.php(1794): better_amp_locate_template(Array, true, false)
#3 /home/351291.cloudwaysapps.com/fmrngeyzgv/public_html/wp-content/plugins/better-amp/template/woocommerce.php(12): better_amp_template_part('woocommerce/loo...')
#4 /home/351291.cloudwaysapps.com/fmrngeyzgv/public_html/wp-includes/template-loader.php(106): include('/home/351291.cl...')
#5 /home/351291. in /home/351291.cloudwaysapps.com/fmrngeyzgv/public_html/wp-content/plugins/better-amp/template/woocommerce/loop.php on line 22

2020-05-21T21:28:54+00:00 CRITICAL Uncaught Error: Call to a member function is_on_sale() on boolean in /home/351291.cloudwaysapps.com/fmrngeyzgv/public_html/wp-content/plugins/better-amp/template/woocommerce/loop.php:22
Stack trace:
#0 /home/351291.cloudwaysapps.com/fmrngeyzgv/public_html/wp-content/plugins/better-amp/includes/functions/theme-functions.php(95): require()
#1 /home/351291.cloudwaysapps.com/fmrngeyzgv/public_html/wp-content/plugins/better-amp/includes/functions/theme-functions.php(57): better_amp_load_templates(Array, '/home/351291.cl...', true, false)
#2 /home/351291.cloudwaysapps.com/fmrngeyzgv/public_html/wp-content/plugins/better-amp/includes/functions/theme-functions.php(1794): better_amp_locate_template(Array, true, false)
#3 /home/351291.cloudwaysapps.com/fmrngeyzgv/public_html/wp-content/plugins/better-amp/template/woocommerce.php(12): better_amp_template_part('woocommerce/loo...')
#4 /home/351291.cloudwaysapps.com/fmrngeyzgv/public_html/wp-includes/template-loader.php(106): include('/home/351291.cl...')
#5 /home/351291. in /home/351291.cloudwaysapps.com/fmrngeyzgv/public_html/wp-content/plugins/better-amp/template/woocommerce/loop.php on line 22

